<?xml version="1.0" encoding="UTF-8"?>
<!-- Generated by org.testng.reporters.JUnitReportReporter -->
<testsuite skipped="0" hostname="DESKTOP-FBVH9S0" name="testNG_Annotations.TC_Grouping" tests="5" failures="0" timestamp="2 Jul 2023 18:02:26 GMT" time="0.009" errors="0">
  <testcase name="Car2" time="0.001" classname="testNG_Annotations.TC_Grouping"/>
  <testcase name="Car1" time="0.005" classname="testNG_Annotations.TC_Grouping"/>
  <testcase name="Scooter1" time="0.000" classname="testNG_Annotations.TC_Grouping"/>
  <testcase name="Scooter2" time="0.002" classname="testNG_Annotations.TC_Grouping"/>
  <testcase name="Sedan1" time="0.001" classname="testNG_Annotations.TC_Grouping"/>
</testsuite> <!-- testNG_Annotations.TC_Grouping -->
