<?xml version="1.0" encoding="UTF-8"?>
<!-- Generated by org.testng.reporters.JUnitReportReporter -->
<testsuite hostname="USRIRILP00225" name="com.Capturescreenshot.FacebookScreenshot" tests="1" failures="0" timestamp="19 Jun 2016 16:29:21 GMT" time="50.024" errors="1">
  <testcase name="captureScreenshot" time="50.024" classname="com.Capturescreenshot.FacebookScreenshot">
    <error type="org.openqa.selenium.WebDriverException" message="Failed to connect to binary FirefoxBinary(C:\Program Files (x86)\Mozilla Firefox\firefox.exe) on port 7055; process output follows: 
\McAfee\\SystemCore&quot;,&quot;installDate&quot;:1432916372314,&quot;updateDate&quot;:1432916372314,&quot;applyBackgroundUpdates&quot;:1,&quot;bootstrap&quot;:false,&quot;skinnable&quot;:false,&quot;size&quot;:2092856,&quot;sourceURI&quot;:null,&quot;releaseNotesURI&quot;:null,&quot;softDisabled&quot;:false,&quot;foreignInstall&quot;:true,&quot;hasBinaryComponents&quot;:false,&quot;strictCompatibility&quot;:false,&quot;locales&quot;:[],&quot;targetApplications&quot;:[{&quot;id&quot;:&quot;{ec8030f7-c20a-464f-9b0e-13a3a9e97384}&quot;,&quot;minVersion&quot;:&quot;1.5&quot;,&quot;maxVersion&quot;:&quot;9.9&quot;}],&quot;targetPlatforms&quot;:[],&quot;multiprocessCompatible&quot;:false,&quot;signedState&quot;:0,&quot;seen&quot;:true}
1466353715783	DeferredSave.extensions.json	DEBUG	Save changes
1466353715783	addons.xpi	DEBUG	Updating database with changes to installed add-ons
1466353715783	addons.xpi-utils	DEBUG	Updating add-on states
1466353715798	addons.xpi-utils	DEBUG	Writing add-ons list
1466353715851	addons.xpi	DEBUG	Registering manifest for C:\Program Files (x86)\Mozilla Firefox\browser\features\e10srollout@mozilla.org.xpi
1466353715853	addons.xpi	DEBUG	Calling bootstrap method startup on e10srollout@mozilla.org version 1.0
1466353715853	addons.xpi	DEBUG	Registering manifest for C:\Program Files (x86)\Mozilla Firefox\browser\features\firefox@getpocket.com.xpi
1466353715855	addons.xpi	DEBUG	Calling bootstrap method startup on firefox@getpocket.com version 1.0.2
1466353715858	addons.xpi	DEBUG	Registering manifest for C:\Program Files (x86)\Mozilla Firefox\browser\features\loop@mozilla.org.xpi
1466353715861	addons.xpi	DEBUG	Calling bootstrap method startup on loop@mozilla.org version 1.3.2
1466353715923	addons.xpi	DEBUG	Registering manifest for C:\Program Files (x86)\Mozilla Firefox\browser\extensions\{82AF8DCA-6DE9-405D-BD5E-43525BDAD38A}.xpi
1466353715925	addons.xpi	DEBUG	Calling bootstrap method startup on {82AF8DCA-6DE9-405D-BD5E-43525BDAD38A} version 8.1.0.9134
1466353715934	addons.manager	DEBUG	Registering shutdown blocker for XPIProvider
1466353715935	addons.manager	DEBUG	Provider finished startup: XPIProvider
1466353715936	addons.manager	DEBUG	Starting provider: LightweightThemeManager
1466353715937	addons.manager	DEBUG	Registering shutdown blocker for LightweightThemeManager
1466353715937	addons.manager	DEBUG	Provider finished startup: LightweightThemeManager
1466353715939	addons.manager	DEBUG	Starting provider: GMPProvider
1466353715959	addons.manager	DEBUG	Registering shutdown blocker for GMPProvider
1466353715960	addons.manager	DEBUG	Provider finished startup: GMPProvider
1466353715960	addons.manager	DEBUG	Starting provider: PluginProvider
1466353715961	addons.manager	DEBUG	Registering shutdown blocker for PluginProvider
1466353715961	addons.manager	DEBUG	Provider finished startup: PluginProvider
1466353715963	addons.manager	DEBUG	Completed startup sequence
1466353716912	addons.manager	DEBUG	Starting provider: &lt;unnamed-provider&gt;
1466353716912	addons.manager	DEBUG	Registering shutdown blocker for &lt;unnamed-provider&gt;
1466353716913	addons.manager	DEBUG	Provider finished startup: &lt;unnamed-provider&gt;
JavaScript warning: resource://gre/modules/commonjs/toolkit/loader.js -&gt; resource://gre/modules/commonjs/sdk/system/environment.js, line 15: Proxy.create and Proxy.createFunction are deprecated, use new Proxy instead
1466353718160	DeferredSave.extensions.json	DEBUG	Write succeeded
1466353718160	addons.xpi-utils	DEBUG	XPI Database saved, setting schema version preference to 17
1466353718160	DeferredSave.extensions.json	DEBUG	Starting timer
1466353718192	DeferredSave.extensions.json	DEBUG	Starting write
1466353718243	addons.repository	DEBUG	No addons.json found.
1466353718245	DeferredSave.addons.json	DEBUG	Save changes
1466353718252	DeferredSave.addons.json	DEBUG	Starting timer
1466353718407	addons.manager	DEBUG	Starting provider: PreviousExperimentProvider
1466353718407	addons.manager	DEBUG	Registering shutdown blocker for PreviousExperimentProvider
1466353718408	addons.manager	DEBUG	Provider finished startup: PreviousExperimentProvider
1466353718423	DeferredSave.addons.json	DEBUG	Starting write
1466353718526	DeferredSave.extensions.json	DEBUG	Write succeeded
1466353718622	DeferredSave.addons.json	DEBUG	Write succeeded

Build info: version: &#039;2.53.0&#039;, revision: &#039;35ae25b&#039;, time: &#039;2016-03-15 16:57:40&#039;
System info: host: &#039;USRIRILP00225&#039;, ip: &#039;10.0.0.4&#039;, os.name: &#039;Windows 7&#039;, os.arch: &#039;amd64&#039;, os.version: &#039;6.1&#039;, java.version: &#039;1.8.0_66&#039;
Driver info: driver.version: FirefoxDriver">
      <![CDATA[org.openqa.selenium.WebDriverException: Failed to connect to binary FirefoxBinary(C:\Program Files (x86)\Mozilla Firefox\firefox.exe) on port 7055; process output follows: 
\McAfee\\SystemCore","installDate":1432916372314,"updateDate":1432916372314,"applyBackgroundUpdates":1,"bootstrap":false,"skinnable":false,"size":2092856,"sourceURI":null,"releaseNotesURI":null,"softDisabled":false,"foreignInstall":true,"hasBinaryComponents":false,"strictCompatibility":false,"locales":[],"targetApplications":[{"id":"{ec8030f7-c20a-464f-9b0e-13a3a9e97384}","minVersion":"1.5","maxVersion":"9.9"}],"targetPlatforms":[],"multiprocessCompatible":false,"signedState":0,"seen":true}
1466353715783	DeferredSave.extensions.json	DEBUG	Save changes
1466353715783	addons.xpi	DEBUG	Updating database with changes to installed add-ons
1466353715783	addons.xpi-utils	DEBUG	Updating add-on states
1466353715798	addons.xpi-utils	DEBUG	Writing add-ons list
1466353715851	addons.xpi	DEBUG	Registering manifest for C:\Program Files (x86)\Mozilla Firefox\browser\features\e10srollout@mozilla.org.xpi
1466353715853	addons.xpi	DEBUG	Calling bootstrap method startup on e10srollout@mozilla.org version 1.0
1466353715853	addons.xpi	DEBUG	Registering manifest for C:\Program Files (x86)\Mozilla Firefox\browser\features\firefox@getpocket.com.xpi
1466353715855	addons.xpi	DEBUG	Calling bootstrap method startup on firefox@getpocket.com version 1.0.2
1466353715858	addons.xpi	DEBUG	Registering manifest for C:\Program Files (x86)\Mozilla Firefox\browser\features\loop@mozilla.org.xpi
1466353715861	addons.xpi	DEBUG	Calling bootstrap method startup on loop@mozilla.org version 1.3.2
1466353715923	addons.xpi	DEBUG	Registering manifest for C:\Program Files (x86)\Mozilla Firefox\browser\extensions\{82AF8DCA-6DE9-405D-BD5E-43525BDAD38A}.xpi
1466353715925	addons.xpi	DEBUG	Calling bootstrap method startup on {82AF8DCA-6DE9-405D-BD5E-43525BDAD38A} version 8.1.0.9134
1466353715934	addons.manager	DEBUG	Registering shutdown blocker for XPIProvider
1466353715935	addons.manager	DEBUG	Provider finished startup: XPIProvider
1466353715936	addons.manager	DEBUG	Starting provider: LightweightThemeManager
1466353715937	addons.manager	DEBUG	Registering shutdown blocker for LightweightThemeManager
1466353715937	addons.manager	DEBUG	Provider finished startup: LightweightThemeManager
1466353715939	addons.manager	DEBUG	Starting provider: GMPProvider
1466353715959	addons.manager	DEBUG	Registering shutdown blocker for GMPProvider
1466353715960	addons.manager	DEBUG	Provider finished startup: GMPProvider
1466353715960	addons.manager	DEBUG	Starting provider: PluginProvider
1466353715961	addons.manager	DEBUG	Registering shutdown blocker for PluginProvider
1466353715961	addons.manager	DEBUG	Provider finished startup: PluginProvider
1466353715963	addons.manager	DEBUG	Completed startup sequence
1466353716912	addons.manager	DEBUG	Starting provider: <unnamed-provider>
1466353716912	addons.manager	DEBUG	Registering shutdown blocker for <unnamed-provider>
1466353716913	addons.manager	DEBUG	Provider finished startup: <unnamed-provider>
JavaScript warning: resource://gre/modules/commonjs/toolkit/loader.js -> resource://gre/modules/commonjs/sdk/system/environment.js, line 15: Proxy.create and Proxy.createFunction are deprecated, use new Proxy instead
1466353718160	DeferredSave.extensions.json	DEBUG	Write succeeded
1466353718160	addons.xpi-utils	DEBUG	XPI Database saved, setting schema version preference to 17
1466353718160	DeferredSave.extensions.json	DEBUG	Starting timer
1466353718192	DeferredSave.extensions.json	DEBUG	Starting write
1466353718243	addons.repository	DEBUG	No addons.json found.
1466353718245	DeferredSave.addons.json	DEBUG	Save changes
1466353718252	DeferredSave.addons.json	DEBUG	Starting timer
1466353718407	addons.manager	DEBUG	Starting provider: PreviousExperimentProvider
1466353718407	addons.manager	DEBUG	Registering shutdown blocker for PreviousExperimentProvider
1466353718408	addons.manager	DEBUG	Provider finished startup: PreviousExperimentProvider
1466353718423	DeferredSave.addons.json	DEBUG	Starting write
1466353718526	DeferredSave.extensions.json	DEBUG	Write succeeded
1466353718622	DeferredSave.addons.json	DEBUG	Write succeeded

Build info: version: '2.53.0', revision: '35ae25b', time: '2016-03-15 16:57:40'
System info: host: 'USRIRILP00225', ip: '10.0.0.4', os.name: 'Windows 7', os.arch: 'amd64', os.version: '6.1', java.version: '1.8.0_66'
Driver info: driver.version: FirefoxDriver
	at org.openqa.selenium.firefox.internal.NewProfileExtensionConnection.start(NewProfileExtensionConnection.java:124)
	at org.openqa.selenium.firefox.FirefoxDriver.startClient(FirefoxDriver.java:271)
	at org.openqa.selenium.remote.RemoteWebDriver.<init>(RemoteWebDriver.java:119)
	at org.openqa.selenium.firefox.FirefoxDriver.<init>(FirefoxDriver.java:218)
	at org.openqa.selenium.firefox.FirefoxDriver.<init>(FirefoxDriver.java:211)
	at org.openqa.selenium.firefox.FirefoxDriver.<init>(FirefoxDriver.java:207)
	at org.openqa.selenium.firefox.FirefoxDriver.<init>(FirefoxDriver.java:120)
	at com.Capturescreenshot.FacebookScreenshot.captureScreenshot(FacebookScreenshot.java:18)
	at sun.reflect.NativeMethodAccessorImpl.invoke0(Native Method)
	at sun.reflect.NativeMethodAccessorImpl.invoke(Unknown Source)
	at sun.reflect.DelegatingMethodAccessorImpl.invoke(Unknown Source)
	at java.lang.reflect.Method.invoke(Unknown Source)
	at org.testng.internal.MethodInvocationHelper.invokeMethod(MethodInvocationHelper.java:85)
	at org.testng.internal.Invoker.invokeMethod(Invoker.java:639)
	at org.testng.internal.Invoker.invokeTestMethod(Invoker.java:816)
	at org.testng.internal.Invoker.invokeTestMethods(Invoker.java:1124)
	at org.testng.internal.TestMethodWorker.invokeTestMethods(TestMethodWorker.java:125)
	at org.testng.internal.TestMethodWorker.run(TestMethodWorker.java:108)
	at org.testng.TestRunner.privateRun(TestRunner.java:774)
	at org.testng.TestRunner.run(TestRunner.java:624)
	at org.testng.SuiteRunner.runTest(SuiteRunner.java:359)
	at org.testng.SuiteRunner.runSequentially(SuiteRunner.java:354)
	at org.testng.SuiteRunner.privateRun(SuiteRunner.java:312)
	at org.testng.SuiteRunner.run(SuiteRunner.java:261)
	at org.testng.SuiteRunnerWorker.runSuite(SuiteRunnerWorker.java:52)
	at org.testng.SuiteRunnerWorker.run(SuiteRunnerWorker.java:86)
	at org.testng.TestNG.runSuitesSequentially(TestNG.java:1215)
	at org.testng.TestNG.runSuitesLocally(TestNG.java:1140)
	at org.testng.TestNG.run(TestNG.java:1048)
	at org.testng.remote.AbstractRemoteTestNG.run(AbstractRemoteTestNG.java:126)
	at org.testng.remote.RemoteTestNG.initAndRun(RemoteTestNG.java:137)
	at org.testng.remote.RemoteTestNG.main(RemoteTestNG.java:58)
Caused by: org.openqa.selenium.firefox.NotConnectedException: Unable to connect to host 127.0.0.1 on port 7055 after 45000 ms. Firefox console output:
\McAfee\\SystemCore","installDate":1432916372314,"updateDate":1432916372314,"applyBackgroundUpdates":1,"bootstrap":false,"skinnable":false,"size":2092856,"sourceURI":null,"releaseNotesURI":null,"softDisabled":false,"foreignInstall":true,"hasBinaryComponents":false,"strictCompatibility":false,"locales":[],"targetApplications":[{"id":"{ec8030f7-c20a-464f-9b0e-13a3a9e97384}","minVersion":"1.5","maxVersion":"9.9"}],"targetPlatforms":[],"multiprocessCompatible":false,"signedState":0,"seen":true}
1466353715783	DeferredSave.extensions.json	DEBUG	Save changes
1466353715783	addons.xpi	DEBUG	Updating database with changes to installed add-ons
1466353715783	addons.xpi-utils	DEBUG	Updating add-on states
1466353715798	addons.xpi-utils	DEBUG	Writing add-ons list
1466353715851	addons.xpi	DEBUG	Registering manifest for C:\Program Files (x86)\Mozilla Firefox\browser\features\e10srollout@mozilla.org.xpi
1466353715853	addons.xpi	DEBUG	Calling bootstrap method startup on e10srollout@mozilla.org version 1.0
1466353715853	addons.xpi	DEBUG	Registering manifest for C:\Program Files (x86)\Mozilla Firefox\browser\features\firefox@getpocket.com.xpi
1466353715855	addons.xpi	DEBUG	Calling bootstrap method startup on firefox@getpocket.com version 1.0.2
1466353715858	addons.xpi	DEBUG	Registering manifest for C:\Program Files (x86)\Mozilla Firefox\browser\features\loop@mozilla.org.xpi
1466353715861	addons.xpi	DEBUG	Calling bootstrap method startup on loop@mozilla.org version 1.3.2
1466353715923	addons.xpi	DEBUG	Registering manifest for C:\Program Files (x86)\Mozilla Firefox\browser\extensions\{82AF8DCA-6DE9-405D-BD5E-43525BDAD38A}.xpi
1466353715925	addons.xpi	DEBUG	Calling bootstrap method startup on {82AF8DCA-6DE9-405D-BD5E-43525BDAD38A} version 8.1.0.9134
1466353715934	addons.manager	DEBUG	Registering shutdown blocker for XPIProvider
1466353715935	addons.manager	DEBUG	Provider finished startup: XPIProvider
1466353715936	addons.manager	DEBUG	Starting provider: LightweightThemeManager
1466353715937	addons.manager	DEBUG	Registering shutdown blocker for LightweightThemeManager
1466353715937	addons.manager	DEBUG	Provider finished startup: LightweightThemeManager
1466353715939	addons.manager	DEBUG	Starting provider: GMPProvider
1466353715959	addons.manager	DEBUG	Registering shutdown blocker for GMPProvider
1466353715960	addons.manager	DEBUG	Provider finished startup: GMPProvider
1466353715960	addons.manager	DEBUG	Starting provider: PluginProvider
1466353715961	addons.manager	DEBUG	Registering shutdown blocker for PluginProvider
1466353715961	addons.manager	DEBUG	Provider finished startup: PluginProvider
1466353715963	addons.manager	DEBUG	Completed startup sequence
1466353716912	addons.manager	DEBUG	Starting provider: <unnamed-provider>
1466353716912	addons.manager	DEBUG	Registering shutdown blocker for <unnamed-provider>
1466353716913	addons.manager	DEBUG	Provider finished startup: <unnamed-provider>
JavaScript warning: resource://gre/modules/commonjs/toolkit/loader.js -> resource://gre/modules/commonjs/sdk/system/environment.js, line 15: Proxy.create and Proxy.createFunction are deprecated, use new Proxy instead
1466353718160	DeferredSave.extensions.json	DEBUG	Write succeeded
1466353718160	addons.xpi-utils	DEBUG	XPI Database saved, setting schema version preference to 17
1466353718160	DeferredSave.extensions.json	DEBUG	Starting timer
1466353718192	DeferredSave.extensions.json	DEBUG	Starting write
1466353718243	addons.repository	DEBUG	No addons.json found.
1466353718245	DeferredSave.addons.json	DEBUG	Save changes
1466353718252	DeferredSave.addons.json	DEBUG	Starting timer
1466353718407	addons.manager	DEBUG	Starting provider: PreviousExperimentProvider
1466353718407	addons.manager	DEBUG	Registering shutdown blocker for PreviousExperimentProvider
1466353718408	addons.manager	DEBUG	Provider finished startup: PreviousExperimentProvider
1466353718423	DeferredSave.addons.json	DEBUG	Starting write
1466353718526	DeferredSave.extensions.json	DEBUG	Write succeeded
1466353718622	DeferredSave.addons.json	DEBUG	Write succeeded

	at org.openqa.selenium.firefox.internal.NewProfileExtensionConnection.start(NewProfileExtensionConnection.java:112)
	... 31 more
]]>
    </error>
  </testcase> <!-- captureScreenshot -->
</testsuite> <!-- com.Capturescreenshot.FacebookScreenshot -->
