<?xml version="1.0" encoding="UTF-8"?>
<!-- Generated by org.testng.reporters.JUnitReportReporter -->
<testsuite skipped="0" hostname="DESKTOP-FBVH9S0" name="testNG_Annotations.DependsOnMethods" tests="3" failures="0" timestamp="2 Jul 2023 18:00:52 GMT" time="0.008" errors="0">
  <testcase name="OpenBrowser" time="0.005" classname="testNG_Annotations.DependsOnMethods"/>
  <testcase name="LogOut" time="0.001" classname="testNG_Annotations.DependsOnMethods"/>
  <testcase name="SignIn" time="0.002" classname="testNG_Annotations.DependsOnMethods"/>
</testsuite> <!-- testNG_Annotations.DependsOnMethods -->
