<?xml version="1.0" encoding="UTF-8"?>
<!-- Generated by org.testng.reporters.JUnitReportReporter -->
<testsuite hostname="USRIRILP00225" name="com.java.captureScreenshot.FacebookScreenshot" tests="1" failures="0" timestamp="12 Jun 2016 02:27:20 GMT" time="15.144" errors="0">
  <testcase name="captureScreenshot" time="15.144" classname="com.java.captureScreenshot.FacebookScreenshot"/>
</testsuite> <!-- com.java.captureScreenshot.FacebookScreenshot -->
