<?xml version="1.0" encoding="UTF-8"?>
<!-- Generated by org.testng.reporters.JUnitReportReporter -->
<testsuite hostname="USRIRILP00225" name="com.MySQL.Database.ConnectMySQL" tests="1" failures="0" timestamp="14 Jun 2016 23:34:20 GMT" time="0.778" errors="0">
  <testcase name="testDB" time="0.778" classname="com.MySQL.Database.ConnectMySQL"/>
</testsuite> <!-- com.MySQL.Database.ConnectMySQL -->
